Using pre-set license
Built from '2020.3/staging' branch; Version is '2020.3.26f1 (7298b473bc1a) revision 7510196'; Using compiler version '192528614'; Build Type 'Release'
OS: 'Windows 11  (10.0.22000) 64bit Professional' Language: 'en' Physical Memory: 32693 MB
BatchMode: 1, IsHumanControllingUs: 0, StartBugReporterOnCrash: 0, Is64bit: 1, IsPro: 0

COMMAND LINE ARGUMENTS:
C:\Program Files\Unity\Hub\Editor\2020.3.26f1\Editor\Unity.exe
-adb2
-batchMode
-noUpm
-name
AssetImportWorker0
-projectPath
D:/Lessons/Unity RPG/Modular_Dungeon
-logFile
Logs/AssetImportWorker0.log
-srvPort
52554
Successfully changed project path to: D:/Lessons/Unity RPG/Modular_Dungeon
D:/Lessons/Unity RPG/Modular_Dungeon
Using Asset Import Pipeline V2.
Refreshing native plugins compatible for Editor in 93.61 ms, found 0 plugins.
Preloading 0 native plugins for Editor in 0.00 ms.
Initialize engine version: 2020.3.26f1 (7298b473bc1a)
[Subsystems] Discovering subsystems at path C:/Program Files/Unity/Hub/Editor/2020.3.26f1/Editor/Data/Resources/UnitySubsystems
[Subsystems] Discovering subsystems at path D:/Lessons/Unity RPG/Modular_Dungeon/Assets
GfxDevice: creating device client; threaded=0
Direct3D:
    Version:  Direct3D 11.0 [level 11.1]
    Renderer: NVIDIA GeForce RTX 3080 Ti (ID=0x2208)
    Vendor:   
    VRAM:     12108 MB
    Driver:   30.0.15.1213
Initialize mono
Mono path[0] = 'C:/Program Files/Unity/Hub/Editor/2020.3.26f1/Editor/Data/Managed'
Mono path[1] = 'C:/Program Files/Unity/Hub/Editor/2020.3.26f1/Editor/Data/MonoBleedingEdge/lib/mono/unityjit'
Mono config path = 'C:/Program Files/Unity/Hub/Editor/2020.3.26f1/Editor/Data/MonoBleedingEdge/etc'
Using monoOptions --debugger-agent=transport=dt_socket,embedding=1,server=y,suspend=n,address=127.0.0.1:56632
Begin MonoManager ReloadAssembly
Registering precompiled unity dll's ...
Register platform support module: C:/Program Files/Unity/Hub/Editor/2020.3.26f1/Editor/Data/PlaybackEngines/WebGLSupport/UnityEditor.WebGL.Extensions.dll
Register platform support module: C:/Program Files/Unity/Hub/Editor/2020.3.26f1/Editor/Data/PlaybackEngines/WindowsStandaloneSupport/UnityEditor.WindowsStandalone.Extensions.dll
Registered in 0.001117 seconds.
Native extension for WindowsStandalone target not found
Native extension for WebGL target not found
Refreshing native plugins compatible for Editor in 97.58 ms, found 0 plugins.
Preloading 0 native plugins for Editor in 0.00 ms.
Mono: successfully reloaded assembly
- Completed reload, in  0.445 seconds
Domain Reload Profiling:
	ReloadAssembly (445ms)
		BeginReloadAssembly (34ms)
			ExecutionOrderSort (0ms)
			DisableScriptedObjects (0ms)
			BackupInstance (0ms)
			ReleaseScriptingObjects (0ms)
			CreateAndSetChildDomain (1ms)
		EndReloadAssembly (364ms)
			LoadAssemblies (33ms)
			RebuildTransferFunctionScriptingTraits (0ms)
			SetupTypeCache (92ms)
			ReleaseScriptCaches (0ms)
			RebuildScriptCaches (19ms)
			SetupLoadedEditorAssemblies (188ms)
				LogAssemblyErrors (0ms)
				InitializePlatformSupportModulesInManaged (4ms)
				SetLoadedEditorAssemblies (0ms)
				RefreshPlugins (98ms)
				BeforeProcessingInitializeOnLoad (10ms)
				ProcessInitializeOnLoadAttributes (57ms)
				ProcessInitializeOnLoadMethodAttributes (18ms)
				AfterProcessingInitializeOnLoad (0ms)
				EditorAssembliesLoaded (0ms)
			ExecutionOrderSort2 (0ms)
			AwakeInstancesAfterBackupRestoration (0ms)
Platform modules already initialized, skipping
Registering precompiled user dll's ...
Registered in 0.001026 seconds.
Begin MonoManager ReloadAssembly
Native extension for WindowsStandalone target not found
Native extension for WebGL target not found
Refreshing native plugins compatible for Editor in 1.51 ms, found 0 plugins.
Preloading 0 native plugins for Editor in 0.00 ms.
Mono: successfully reloaded assembly
- Completed reload, in  0.490 seconds
Domain Reload Profiling:
	ReloadAssembly (490ms)
		BeginReloadAssembly (90ms)
			ExecutionOrderSort (0ms)
			DisableScriptedObjects (4ms)
			BackupInstance (0ms)
			ReleaseScriptingObjects (0ms)
			CreateAndSetChildDomain (16ms)
		EndReloadAssembly (362ms)
			LoadAssemblies (48ms)
			RebuildTransferFunctionScriptingTraits (0ms)
			SetupTypeCache (109ms)
			ReleaseScriptCaches (0ms)
			RebuildScriptCaches (24ms)
			SetupLoadedEditorAssemblies (126ms)
				LogAssemblyErrors (0ms)
				InitializePlatformSupportModulesInManaged (4ms)
				SetLoadedEditorAssemblies (0ms)
				RefreshPlugins (2ms)
				BeforeProcessingInitializeOnLoad (48ms)
				ProcessInitializeOnLoadAttributes (66ms)
				ProcessInitializeOnLoadMethodAttributes (3ms)
				AfterProcessingInitializeOnLoad (3ms)
				EditorAssembliesLoaded (0ms)
			ExecutionOrderSort2 (0ms)
			AwakeInstancesAfterBackupRestoration (4ms)
Platform modules already initialized, skipping
========================================================================
Worker process is ready to serve import requests
Launched and connected shader compiler UnityShaderCompiler.exe after 0.04 seconds
Refreshing native plugins compatible for Editor in 1.68 ms, found 0 plugins.
Preloading 0 native plugins for Editor in 0.00 ms.
Unloading 1001 Unused Serialized files (Serialized files now loaded: 0)
System memory in use before: 77.2 MB.
System memory in use after: 77.3 MB.

Unloading 9 unused Assets to reduce memory usage. Loaded Objects now: 1465.
Total: 1.951400 ms (FindLiveObjects: 0.091500 ms CreateObjectMapping: 0.021500 ms MarkObjects: 1.778500 ms  DeleteObjects: 0.059400 ms)

AssetImportParameters requested are different than current active one (requested -> active):
  custom:framework-win-MediaFoundation: 216162199b28c13a410421893ffa2e32 -> 
  custom:video-decoder-ogg-theora: a1e56fd34408186e4bbccfd4996cb3dc -> 
  custom:container-muxer-webm: aa71ff27fc2769a1b78a27578f13a17b -> 
  custom:container-demuxer-webm: 4f35f7cbe854078d1ac9338744f61a02 -> 
  custom:container-demuxer-ogg: 62fdf1f143b41e24485cea50d1cbac27 -> 
  custom:video-encoder-webm-vp8: eb34c28f22e8b96e1ab97ce403110664 -> 
  custom:video-codec-MediaFoundation-h265: 746d11721c4dcdbdad8f713fa42b33f4 -> 
  custom:video-decoder-webm-vp8: 9c59270c3fd7afecdb556c50c9e8de78 -> 
  custom:audio-decoder-ogg-vorbis: bf7c407c2cedff20999df2af8eb42d56 -> 
  custom:audio-encoder-webm-vorbis: bf7c407c2cedff20999df2af8eb42d56 -> 
========================================================================
Received Import Request.
  path: Assets/Prefabs/Buildings/Nightstone Inn.prefab
  artifactKey: Guid(80b1689806d5dfc48b9f108b9b2f1541) Importer(815301076,1909f56bfc062723c751e8b465ee728b)
Start importing Assets/Prefabs/Buildings/Nightstone Inn.prefab using Guid(80b1689806d5dfc48b9f108b9b2f1541) Importer(815301076,1909f56bfc062723c751e8b465ee728b)  -> (artifact id: 'ae838591ee1201c1ec9b6acb38f7f957') in 0.226271 seconds 
  Import took 0.232874 seconds .

========================================================================
Received Import Request.
  Time since last request: 94.186661 seconds.
  path: Assets/Asset Packs/PolygonFantasyKingdom/Prefabs/Buildings/SM_Prop_Destroyed_House_Piece_01_Burnt.prefab
  artifactKey: Guid(a9425bd32dd9de24ca2b3f191751874e) Importer(815301076,1909f56bfc062723c751e8b465ee728b)
Start importing Assets/Asset Packs/PolygonFantasyKingdom/Prefabs/Buildings/SM_Prop_Destroyed_House_Piece_01_Burnt.prefab using Guid(a9425bd32dd9de24ca2b3f191751874e) Importer(815301076,1909f56bfc062723c751e8b465ee728b)  -> (artifact id: '61edd2037d5c8ebbdbc51633d2e88662') in 0.250841 seconds 
  Import took 0.253982 seconds .

========================================================================
Received Import Request.
  Time since last request: 193.161852 seconds.
  path: Assets/Prefabs/Assets/House/Flooring.prefab
  artifactKey: Guid(816fba9dbd4b8e645b0c2db6c6c16a6f) Importer(815301076,1909f56bfc062723c751e8b465ee728b)
Start importing Assets/Prefabs/Assets/House/Flooring.prefab using Guid(816fba9dbd4b8e645b0c2db6c6c16a6f) Importer(815301076,1909f56bfc062723c751e8b465ee728b)  -> (artifact id: '37ae2ee4bf3ebc37e3d26a8bf277a5e8') in 0.028129 seconds 
  Import took 0.031495 seconds .

========================================================================
Received Import Request.
  Time since last request: 303.173819 seconds.
  path: Assets/Prefabs/Assets/House/Walls.prefab
  artifactKey: Guid(44f008add5d8c6a498a7856888f0da33) Importer(815301076,1909f56bfc062723c751e8b465ee728b)
Start importing Assets/Prefabs/Assets/House/Walls.prefab using Guid(44f008add5d8c6a498a7856888f0da33) Importer(815301076,1909f56bfc062723c751e8b465ee728b)  -> (artifact id: 'c146fa2eecf7f035d20dfe380f6715a9') in 0.045712 seconds 
  Import took 0.049504 seconds .

========================================================================
Received Import Request.
  Time since last request: 585.921811 seconds.
  path: Assets/Prefabs/Assets/House/Destroyed Walls.prefab
  artifactKey: Guid(1ec8155a4b79a884a99efa9855e9866d) Importer(815301076,1909f56bfc062723c751e8b465ee728b)
Start importing Assets/Prefabs/Assets/House/Destroyed Walls.prefab using Guid(1ec8155a4b79a884a99efa9855e9866d) Importer(815301076,1909f56bfc062723c751e8b465ee728b)  -> (artifact id: '673dde967982e31ce6485f05f9535bd4') in 0.031063 seconds 
  Import took 0.034759 seconds .

========================================================================
Received Import Request.
  Time since last request: 245.373609 seconds.
  path: Assets/Prefabs/Assets/House/Thatch Roof.prefab
  artifactKey: Guid(288d2c84e700b424383d66ab3d9ba47f) Importer(815301076,1909f56bfc062723c751e8b465ee728b)
Start importing Assets/Prefabs/Assets/House/Thatch Roof.prefab using Guid(288d2c84e700b424383d66ab3d9ba47f) Importer(815301076,1909f56bfc062723c751e8b465ee728b)  -> (artifact id: 'b35bf13bc852d5fcffd1dc8ebdad6c7e') in 0.041381 seconds 
  Import took 0.045406 seconds .

========================================================================
Received Import Request.
  Time since last request: 48.361441 seconds.
  path: Assets/Prefabs/Assets/House/Destroyed Walls.prefab
  artifactKey: Guid(1ec8155a4b79a884a99efa9855e9866d) Importer(815301076,1909f56bfc062723c751e8b465ee728b)
Start importing Assets/Prefabs/Assets/House/Destroyed Walls.prefab using Guid(1ec8155a4b79a884a99efa9855e9866d) Importer(815301076,1909f56bfc062723c751e8b465ee728b)  -> (artifact id: 'afc60498de87d9a8f1fa8e7d8657c8fb') in 0.098029 seconds 
  Import took 0.101002 seconds .

========================================================================
Received Import Request.
  Time since last request: 55.353603 seconds.
  path: Assets/Prefabs/Assets/House/Walls.prefab
  artifactKey: Guid(44f008add5d8c6a498a7856888f0da33) Importer(815301076,1909f56bfc062723c751e8b465ee728b)
Start importing Assets/Prefabs/Assets/House/Walls.prefab using Guid(44f008add5d8c6a498a7856888f0da33) Importer(815301076,1909f56bfc062723c751e8b465ee728b)  -> (artifact id: 'f5c07e1c9216a8b30692e702739e8c96') in 0.129457 seconds 
  Import took 0.132540 seconds .

AssetImportWorkerClient::OnTransportError - code=2 error=End of file
